<?xml version="1.0" encoding="UTF-8"?>
<!-- Generated by org.testng.reporters.JUnitReportReporter -->
<testsuite hostname="LAPTOP-KRRF1NGI" failures="0" tests="1" name="rest27oct.test01" time="2.430" errors="0" timestamp="2022-10-27T22:55:34 IST" skipped="0">
  <testcase classname="rest27oct.test01" name="test1" time="2.430"/>
  <system-out/>
</testsuite> <!-- rest27oct.test01 -->
